<?xml version="1.0" encoding="UTF-8"?>
<coverage generated="1675086529665" clover="3.2.0">
  <project timestamp="1675086529665" name="All files">
    <metrics statements="52" coveredstatements="49" conditionals="26" coveredconditionals="22" methods="11" coveredmethods="11" elements="89" coveredelements="82" complexity="0" loc="52" ncloc="52" packages="1" files="4" classes="4"/>
    <file name="getTree.js" path="/home/ivan/HEXLET/frontend-project-46/src/getTree.js">
      <metrics statements="13" coveredstatements="13" conditionals="10" coveredconditionals="10" methods="2" coveredmethods="2"/>
      <line num="3" count="1" type="stmt"/>
      <line num="4" count="10" type="stmt"/>
      <line num="7" count="10" type="stmt"/>
      <line num="8" count="36" type="cond" truecount="2" falsecount="0"/>
      <line num="9" count="4" type="stmt"/>
      <line num="15" count="32" type="cond" truecount="2" falsecount="0"/>
      <line num="16" count="10" type="stmt"/>
      <line num="22" count="22" type="cond" truecount="4" falsecount="0"/>
      <line num="23" count="8" type="stmt"/>
      <line num="29" count="14" type="cond" truecount="2" falsecount="0"/>
      <line num="30" count="8" type="stmt"/>
      <line num="37" count="6" type="stmt"/>
      <line num="44" count="10" type="stmt"/>
    </file>
    <file name="index.js" path="/home/ivan/HEXLET/frontend-project-46/src/index.js">
      <metrics statements="9" coveredstatements="9" conditionals="0" coveredconditionals="0" methods="2" coveredmethods="2"/>
      <line num="8" count="1" type="stmt"/>
      <line num="9" count="4" type="stmt"/>
      <line num="10" count="4" type="stmt"/>
      <line num="11" count="4" type="stmt"/>
      <line num="12" count="4" type="stmt"/>
      <line num="15" count="1" type="stmt"/>
      <line num="16" count="2" type="stmt"/>
      <line num="17" count="2" type="stmt"/>
      <line num="19" count="2" type="stmt"/>
    </file>
    <file name="parsers.js" path="/home/ivan/HEXLET/frontend-project-46/src/parsers.js">
      <metrics statements="5" coveredstatements="3" conditionals="4" coveredconditionals="2" methods="1" coveredmethods="1"/>
      <line num="4" count="4" type="cond" truecount="2" falsecount="2"/>
      <line num="6" count="2" type="stmt"/>
      <line num="8" count="2" type="stmt"/>
      <line num="10" count="0" type="stmt"/>
      <line num="12" count="0" type="stmt"/>
    </file>
    <file name="stylish.js" path="/home/ivan/HEXLET/frontend-project-46/src/stylish.js">
      <metrics statements="25" coveredstatements="24" conditionals="12" coveredconditionals="10" methods="6" coveredmethods="6"/>
      <line num="3" count="1" type="stmt"/>
      <line num="4" count="1" type="stmt"/>
      <line num="5" count="1" type="stmt"/>
      <line num="7" count="1" type="cond" truecount="1" falsecount="0"/>
      <line num="8" count="84" type="stmt"/>
      <line num="9" count="84" type="cond" truecount="2" falsecount="0"/>
      <line num="12" count="1" type="stmt"/>
      <line num="13" count="54" type="cond" truecount="2" falsecount="0"/>
      <line num="14" count="40" type="stmt"/>
      <line num="16" count="14" type="stmt"/>
      <line num="17" count="18" type="stmt"/>
      <line num="19" count="14" type="stmt"/>
      <line num="22" count="10" type="cond" truecount="0" falsecount="1"/>
      <line num="23" count="36" type="cond" truecount="5" falsecount="1"/>
      <line num="25" count="4" type="stmt"/>
      <line num="27" count="10" type="stmt"/>
      <line num="29" count="8" type="stmt"/>
      <line num="35" count="6" type="stmt"/>
      <line num="40" count="8" type="stmt"/>
      <line num="41" count="8" type="stmt"/>
      <line num="46" count="0" type="stmt"/>
      <line num="51" count="1" type="stmt"/>
      <line num="52" count="2" type="stmt"/>
      <line num="53" count="2" type="stmt"/>
      <line num="54" count="2" type="stmt"/>
    </file>
  </project>
</coverage>
