<?xml version="1.0" encoding="UTF-8"?>
<coverage generated="1675863994381" clover="3.2.0">
  <project timestamp="1675863994382" name="All files">
    <metrics statements="82" coveredstatements="77" conditionals="41" coveredconditionals="35" methods="21" coveredmethods="21" elements="144" coveredelements="133" complexity="0" loc="82" ncloc="82" packages="2" files="6" classes="6"/>
    <package name="src">
      <metrics statements="30" coveredstatements="28" conditionals="15" coveredconditionals="13" methods="7" coveredmethods="7"/>
      <file name="getTree.js" path="/home/ivan/HEXLET/frontend-project-46/src/getTree.js">
        <metrics statements="13" coveredstatements="13" conditionals="10" coveredconditionals="10" methods="2" coveredmethods="2"/>
        <line num="3" count="1" type="stmt"/>
        <line num="4" count="15" type="stmt"/>
        <line num="6" count="15" type="stmt"/>
        <line num="7" count="54" type="cond" truecount="2" falsecount="0"/>
        <line num="8" count="6" type="stmt"/>
        <line num="14" count="48" type="cond" truecount="2" falsecount="0"/>
        <line num="15" count="15" type="stmt"/>
        <line num="21" count="33" type="cond" truecount="4" falsecount="0"/>
        <line num="22" count="12" type="stmt"/>
        <line num="28" count="21" type="cond" truecount="2" falsecount="0"/>
        <line num="29" count="12" type="stmt"/>
        <line num="36" count="9" type="stmt"/>
        <line num="42" count="15" type="stmt"/>
      </file>
      <file name="index.js" path="/home/ivan/HEXLET/frontend-project-46/src/index.js">
        <metrics statements="12" coveredstatements="12" conditionals="1" coveredconditionals="1" methods="4" coveredmethods="4"/>
        <line num="8" count="6" type="stmt"/>
        <line num="10" count="6" type="stmt"/>
        <line num="12" count="6" type="stmt"/>
        <line num="14" count="1" type="cond" truecount="1" falsecount="0"/>
        <line num="15" count="3" type="stmt"/>
        <line num="16" count="3" type="stmt"/>
        <line num="18" count="3" type="stmt"/>
        <line num="19" count="3" type="stmt"/>
        <line num="21" count="3" type="stmt"/>
        <line num="22" count="3" type="stmt"/>
        <line num="24" count="3" type="stmt"/>
        <line num="29" count="3" type="stmt"/>
      </file>
      <file name="parsers.js" path="/home/ivan/HEXLET/frontend-project-46/src/parsers.js">
        <metrics statements="5" coveredstatements="3" conditionals="4" coveredconditionals="2" methods="1" coveredmethods="1"/>
        <line num="4" count="6" type="cond" truecount="2" falsecount="2"/>
        <line num="6" count="2" type="stmt"/>
        <line num="8" count="4" type="stmt"/>
        <line num="10" count="0" type="stmt"/>
        <line num="12" count="0" type="stmt"/>
      </file>
    </package>
    <package name="src.formatters">
      <metrics statements="52" coveredstatements="49" conditionals="26" coveredconditionals="22" methods="14" coveredmethods="14"/>
      <file name="index.js" path="/home/ivan/HEXLET/frontend-project-46/src/formatters/index.js">
        <metrics statements="6" coveredstatements="5" conditionals="4" coveredconditionals="3" methods="1" coveredmethods="1"/>
        <line num="4" count="1" type="stmt"/>
        <line num="5" count="3" type="cond" truecount="3" falsecount="1"/>
        <line num="7" count="1" type="stmt"/>
        <line num="9" count="1" type="stmt"/>
        <line num="11" count="1" type="stmt"/>
        <line num="13" count="0" type="stmt"/>
      </file>
      <file name="plain.js" path="/home/ivan/HEXLET/frontend-project-46/src/formatters/plain.js">
        <metrics statements="20" coveredstatements="19" conditionals="13" coveredconditionals="12" methods="6" coveredmethods="6"/>
        <line num="3" count="1" type="stmt"/>
        <line num="4" count="13" type="cond" truecount="4" falsecount="0"/>
        <line num="5" count="3" type="stmt"/>
        <line num="7" count="10" type="cond" truecount="2" falsecount="0"/>
        <line num="8" count="7" type="stmt"/>
        <line num="10" count="3" type="stmt"/>
        <line num="13" count="1" type="stmt"/>
        <line num="14" count="15" type="cond" truecount="2" falsecount="0"/>
        <line num="15" count="11" type="stmt"/>
        <line num="17" count="4" type="stmt"/>
        <line num="20" count="5" type="stmt"/>
        <line num="21" count="18" type="stmt"/>
        <line num="23" count="15" type="stmt"/>
        <line num="24" count="15" type="cond" truecount="4" falsecount="1"/>
        <line num="26" count="5" type="stmt"/>
        <line num="30" count="2" type="stmt"/>
        <line num="32" count="4" type="stmt"/>
        <line num="36" count="4" type="stmt"/>
        <line num="38" count="0" type="stmt"/>
        <line num="42" count="1" type="stmt"/>
      </file>
      <file name="stylish.js" path="/home/ivan/HEXLET/frontend-project-46/src/formatters/stylish.js">
        <metrics statements="26" coveredstatements="25" conditionals="9" coveredconditionals="7" methods="7" coveredmethods="7"/>
        <line num="3" count="1" type="stmt"/>
        <line num="4" count="1" type="stmt"/>
        <line num="6" count="1" type="stmt"/>
        <line num="7" count="15" type="stmt"/>
        <line num="8" count="15" type="stmt"/>
        <line num="11" count="1" type="stmt"/>
        <line num="12" count="27" type="stmt"/>
        <line num="13" count="27" type="stmt"/>
        <line num="16" count="1" type="stmt"/>
        <line num="17" count="27" type="cond" truecount="2" falsecount="0"/>
        <line num="18" count="20" type="stmt"/>
        <line num="20" count="7" type="stmt"/>
        <line num="21" count="9" type="stmt"/>
        <line num="23" count="7" type="stmt"/>
        <line num="26" count="5" type="cond" truecount="0" falsecount="1"/>
        <line num="27" count="18" type="cond" truecount="5" falsecount="1"/>
        <line num="29" count="2" type="stmt"/>
        <line num="34" count="5" type="stmt"/>
        <line num="39" count="4" type="stmt"/>
        <line num="48" count="3" type="stmt"/>
        <line num="53" count="4" type="stmt"/>
        <line num="54" count="4" type="stmt"/>
        <line num="59" count="0" type="stmt"/>
        <line num="63" count="1" type="stmt"/>
        <line num="64" count="1" type="stmt"/>
        <line num="65" count="1" type="stmt"/>
      </file>
    </package>
  </project>
</coverage>
