{"/home/ivan/HEXLET/frontend-project-46/src/index.js": {"path":"/home/ivan/HEXLET/frontend-project-46/src/index.js","all":false,"statementMap":{"0":{"start":{"line":1,"column":0},"end":{"line":1,"column":35}},"1":{"start":{"line":2,"column":0},"end":{"line":2,"column":20}},"2":{"start":{"line":3,"column":0},"end":{"line":3,"column":36}},"3":{"start":{"line":4,"column":0},"end":{"line":4,"column":23}},"4":{"start":{"line":5,"column":0},"end":{"line":5,"column":0}},"5":{"start":{"line":6,"column":0},"end":{"line":6,"column":59}},"6":{"start":{"line":7,"column":0},"end":{"line":7,"column":0}},"7":{"start":{"line":8,"column":0},"end":{"line":8,"column":58}},"8":{"start":{"line":9,"column":0},"end":{"line":9,"column":0}},"9":{"start":{"line":10,"column":0},"end":{"line":10,"column":46}},"10":{"start":{"line":11,"column":0},"end":{"line":11,"column":0}},"11":{"start":{"line":12,"column":0},"end":{"line":12,"column":46}},"12":{"start":{"line":13,"column":0},"end":{"line":13,"column":35}},"13":{"start":{"line":14,"column":0},"end":{"line":14,"column":35}},"14":{"start":{"line":15,"column":0},"end":{"line":15,"column":0}},"15":{"start":{"line":16,"column":0},"end":{"line":16,"column":47}},"16":{"start":{"line":17,"column":0},"end":{"line":17,"column":0}},"17":{"start":{"line":18,"column":0},"end":{"line":18,"column":36}},"18":{"start":{"line":19,"column":0},"end":{"line":19,"column":30}},"19":{"start":{"line":20,"column":0},"end":{"line":20,"column":30}},"20":{"start":{"line":21,"column":0},"end":{"line":21,"column":0}},"21":{"start":{"line":22,"column":0},"end":{"line":22,"column":36}},"22":{"start":{"line":23,"column":0},"end":{"line":23,"column":14}},"23":{"start":{"line":24,"column":0},"end":{"line":24,"column":26}},"24":{"start":{"line":25,"column":0},"end":{"line":25,"column":12}},"25":{"start":{"line":26,"column":0},"end":{"line":26,"column":22}},"26":{"start":{"line":27,"column":0},"end":{"line":27,"column":8}},"27":{"start":{"line":28,"column":0},"end":{"line":28,"column":5}},"28":{"start":{"line":29,"column":0},"end":{"line":29,"column":48}},"29":{"start":{"line":30,"column":0},"end":{"line":30,"column":14}},"30":{"start":{"line":31,"column":0},"end":{"line":31,"column":24}},"31":{"start":{"line":32,"column":0},"end":{"line":32,"column":12}},"32":{"start":{"line":33,"column":0},"end":{"line":33,"column":15}},"33":{"start":{"line":34,"column":0},"end":{"line":34,"column":15}},"34":{"start":{"line":35,"column":0},"end":{"line":35,"column":8}},"35":{"start":{"line":36,"column":0},"end":{"line":36,"column":5}},"36":{"start":{"line":37,"column":0},"end":{"line":37,"column":37}},"37":{"start":{"line":38,"column":0},"end":{"line":38,"column":14}},"38":{"start":{"line":39,"column":0},"end":{"line":39,"column":24}},"39":{"start":{"line":40,"column":0},"end":{"line":40,"column":12}},"40":{"start":{"line":41,"column":0},"end":{"line":41,"column":22}},"41":{"start":{"line":42,"column":0},"end":{"line":42,"column":8}},"42":{"start":{"line":43,"column":0},"end":{"line":43,"column":5}},"43":{"start":{"line":44,"column":0},"end":{"line":44,"column":37}},"44":{"start":{"line":45,"column":0},"end":{"line":45,"column":14}},"45":{"start":{"line":46,"column":0},"end":{"line":46,"column":22}},"46":{"start":{"line":47,"column":0},"end":{"line":47,"column":12}},"47":{"start":{"line":48,"column":0},"end":{"line":48,"column":22}},"48":{"start":{"line":49,"column":0},"end":{"line":49,"column":8}},"49":{"start":{"line":50,"column":0},"end":{"line":50,"column":5}},"50":{"start":{"line":51,"column":0},"end":{"line":51,"column":5}},"51":{"start":{"line":52,"column":0},"end":{"line":52,"column":16}},"52":{"start":{"line":53,"column":0},"end":{"line":53,"column":2}},"53":{"start":{"line":54,"column":0},"end":{"line":54,"column":0}},"54":{"start":{"line":55,"column":0},"end":{"line":55,"column":43}},"55":{"start":{"line":56,"column":0},"end":{"line":56,"column":45}},"56":{"start":{"line":57,"column":0},"end":{"line":57,"column":49}},"57":{"start":{"line":58,"column":0},"end":{"line":58,"column":49}},"58":{"start":{"line":59,"column":0},"end":{"line":59,"column":4}},"59":{"start":{"line":60,"column":0},"end":{"line":60,"column":34}},"60":{"start":{"line":61,"column":0},"end":{"line":61,"column":48}},"61":{"start":{"line":62,"column":0},"end":{"line":62,"column":31}},"62":{"start":{"line":63,"column":0},"end":{"line":63,"column":23}},"63":{"start":{"line":64,"column":0},"end":{"line":64,"column":21}},"64":{"start":{"line":65,"column":0},"end":{"line":65,"column":48}},"65":{"start":{"line":66,"column":0},"end":{"line":66,"column":23}},"66":{"start":{"line":67,"column":0},"end":{"line":67,"column":48}},"67":{"start":{"line":68,"column":0},"end":{"line":68,"column":21}},"68":{"start":{"line":69,"column":0},"end":{"line":69,"column":83}},"69":{"start":{"line":70,"column":0},"end":{"line":70,"column":19}},"70":{"start":{"line":71,"column":0},"end":{"line":71,"column":48}},"71":{"start":{"line":72,"column":0},"end":{"line":72,"column":14}},"72":{"start":{"line":73,"column":0},"end":{"line":73,"column":20}},"73":{"start":{"line":74,"column":0},"end":{"line":74,"column":5}},"74":{"start":{"line":75,"column":0},"end":{"line":75,"column":5}},"75":{"start":{"line":76,"column":0},"end":{"line":76,"column":47}},"76":{"start":{"line":77,"column":0},"end":{"line":77,"column":38}},"77":{"start":{"line":78,"column":0},"end":{"line":78,"column":2}},"78":{"start":{"line":79,"column":0},"end":{"line":79,"column":0}},"79":{"start":{"line":80,"column":0},"end":{"line":80,"column":23}}},"s":{"0":1,"1":1,"2":1,"3":1,"4":1,"5":1,"6":1,"7":1,"8":1,"9":1,"10":1,"11":1,"12":1,"13":1,"14":1,"15":1,"16":1,"17":1,"18":5,"19":5,"20":5,"21":5,"22":1,"23":1,"24":1,"25":1,"26":1,"27":1,"28":5,"29":1,"30":1,"31":1,"32":1,"33":1,"34":1,"35":1,"36":5,"37":2,"38":2,"39":2,"40":2,"41":2,"42":2,"43":1,"44":1,"45":1,"46":1,"47":1,"48":1,"49":1,"50":1,"51":1,"52":1,"53":1,"54":1,"55":1,"56":1,"57":1,"58":1,"59":1,"60":1,"61":5,"62":5,"63":5,"64":2,"65":5,"66":1,"67":5,"68":1,"69":5,"70":1,"71":5,"72":0,"73":5,"74":1,"75":1,"76":1,"77":1,"78":1,"79":1},"branchMap":{"0":{"type":"branch","line":6,"loc":{"start":{"line":6,"column":21},"end":{"line":6,"column":58}},"locations":[{"start":{"line":6,"column":21},"end":{"line":6,"column":58}}]},"1":{"type":"branch","line":8,"loc":{"start":{"line":8,"column":18},"end":{"line":8,"column":57}},"locations":[{"start":{"line":8,"column":18},"end":{"line":8,"column":57}}]},"2":{"type":"branch","line":10,"loc":{"start":{"line":10,"column":20},"end":{"line":10,"column":45}},"locations":[{"start":{"line":10,"column":20},"end":{"line":10,"column":45}}]},"3":{"type":"branch","line":12,"loc":{"start":{"line":12,"column":27},"end":{"line":53,"column":2}},"locations":[{"start":{"line":12,"column":27},"end":{"line":53,"column":2}}]},"4":{"type":"branch","line":18,"loc":{"start":{"line":18,"column":27},"end":{"line":51,"column":3}},"locations":[{"start":{"line":18,"column":27},"end":{"line":51,"column":3}}]},"5":{"type":"branch","line":22,"loc":{"start":{"line":22,"column":35},"end":{"line":28,"column":5}},"locations":[{"start":{"line":22,"column":35},"end":{"line":28,"column":5}}]},"6":{"type":"branch","line":28,"loc":{"start":{"line":28,"column":4},"end":{"line":29,"column":18}},"locations":[{"start":{"line":28,"column":4},"end":{"line":29,"column":18}}]},"7":{"type":"branch","line":29,"loc":{"start":{"line":29,"column":14},"end":{"line":29,"column":24}},"locations":[{"start":{"line":29,"column":14},"end":{"line":29,"column":24}}]},"8":{"type":"branch","line":29,"loc":{"start":{"line":29,"column":24},"end":{"line":29,"column":45}},"locations":[{"start":{"line":29,"column":24},"end":{"line":29,"column":45}}]},"9":{"type":"branch","line":29,"loc":{"start":{"line":29,"column":47},"end":{"line":36,"column":5}},"locations":[{"start":{"line":29,"column":47},"end":{"line":36,"column":5}}]},"10":{"type":"branch","line":36,"loc":{"start":{"line":36,"column":4},"end":{"line":37,"column":36}},"locations":[{"start":{"line":36,"column":4},"end":{"line":37,"column":36}}]},"11":{"type":"branch","line":37,"loc":{"start":{"line":37,"column":36},"end":{"line":43,"column":5}},"locations":[{"start":{"line":37,"column":36},"end":{"line":43,"column":5}}]},"12":{"type":"branch","line":43,"loc":{"start":{"line":43,"column":4},"end":{"line":50,"column":5}},"locations":[{"start":{"line":43,"column":4},"end":{"line":50,"column":5}}]},"13":{"type":"branch","line":55,"loc":{"start":{"line":55,"column":16},"end":{"line":78,"column":2}},"locations":[{"start":{"line":55,"column":16},"end":{"line":78,"column":2}}]},"14":{"type":"branch","line":61,"loc":{"start":{"line":61,"column":38},"end":{"line":75,"column":3}},"locations":[{"start":{"line":61,"column":38},"end":{"line":75,"column":3}}]},"15":{"type":"branch","line":64,"loc":{"start":{"line":64,"column":6},"end":{"line":65,"column":48}},"locations":[{"start":{"line":64,"column":6},"end":{"line":65,"column":48}}]},"16":{"type":"branch","line":66,"loc":{"start":{"line":66,"column":6},"end":{"line":67,"column":48}},"locations":[{"start":{"line":66,"column":6},"end":{"line":67,"column":48}}]},"17":{"type":"branch","line":68,"loc":{"start":{"line":68,"column":6},"end":{"line":69,"column":83}},"locations":[{"start":{"line":68,"column":6},"end":{"line":69,"column":83}}]},"18":{"type":"branch","line":70,"loc":{"start":{"line":70,"column":6},"end":{"line":71,"column":48}},"locations":[{"start":{"line":70,"column":6},"end":{"line":71,"column":48}}]},"19":{"type":"branch","line":72,"loc":{"start":{"line":72,"column":6},"end":{"line":73,"column":20}},"locations":[{"start":{"line":72,"column":6},"end":{"line":73,"column":20}}]}},"b":{"0":[2],"1":[2],"2":[2],"3":[1],"4":[5],"5":[1],"6":[4],"7":[2],"8":[1],"9":[1],"10":[3],"11":[2],"12":[1],"13":[1],"14":[5],"15":[2],"16":[1],"17":[1],"18":[1],"19":[0]},"fnMap":{"0":{"name":"getfilepath","decl":{"start":{"line":6,"column":21},"end":{"line":6,"column":58}},"loc":{"start":{"line":6,"column":21},"end":{"line":6,"column":58}},"line":6},"1":{"name":"readFile","decl":{"start":{"line":8,"column":18},"end":{"line":8,"column":57}},"loc":{"start":{"line":8,"column":18},"end":{"line":8,"column":57}},"line":8},"2":{"name":"parsesFile","decl":{"start":{"line":10,"column":20},"end":{"line":10,"column":45}},"loc":{"start":{"line":10,"column":20},"end":{"line":10,"column":45}},"line":10},"3":{"name":"getDiffInformation","decl":{"start":{"line":12,"column":27},"end":{"line":53,"column":2}},"loc":{"start":{"line":12,"column":27},"end":{"line":53,"column":2}},"line":12},"4":{"name":"gendiff","decl":{"start":{"line":55,"column":16},"end":{"line":78,"column":2}},"loc":{"start":{"line":55,"column":16},"end":{"line":78,"column":2}},"line":55}},"f":{"0":2,"1":2,"2":2,"3":1,"4":1}}
}
