{"/home/ivan/HEXLET/frontend-project-46/src/getTree.js": {"path":"/home/ivan/HEXLET/frontend-project-46/src/getTree.js","statementMap":{"0":{"start":{"line":3,"column":16},"end":{"line":43,"column":1}},"1":{"start":{"line":4,"column":15},"end":{"line":4,"column":72}},"2":{"start":{"line":6,"column":17},"end":{"line":41,"column":4}},"3":{"start":{"line":7,"column":4},"end":{"line":13,"column":5}},"4":{"start":{"line":8,"column":6},"end":{"line":12,"column":8}},"5":{"start":{"line":14,"column":4},"end":{"line":20,"column":5}},"6":{"start":{"line":15,"column":6},"end":{"line":19,"column":8}},"7":{"start":{"line":21,"column":4},"end":{"line":27,"column":5}},"8":{"start":{"line":22,"column":6},"end":{"line":26,"column":8}},"9":{"start":{"line":28,"column":4},"end":{"line":35,"column":5}},"10":{"start":{"line":29,"column":6},"end":{"line":34,"column":8}},"11":{"start":{"line":36,"column":4},"end":{"line":40,"column":6}},"12":{"start":{"line":42,"column":2},"end":{"line":42,"column":16}}},"fnMap":{"0":{"name":"(anonymous_0)","decl":{"start":{"line":3,"column":16},"end":{"line":3,"column":17}},"loc":{"start":{"line":3,"column":34},"end":{"line":43,"column":1}},"line":3},"1":{"name":"(anonymous_1)","decl":{"start":{"line":6,"column":26},"end":{"line":6,"column":27}},"loc":{"start":{"line":6,"column":35},"end":{"line":41,"column":3}},"line":6}},"branchMap":{"0":{"loc":{"start":{"line":7,"column":4},"end":{"line":13,"column":5}},"type":"if","locations":[{"start":{"line":7,"column":4},"end":{"line":13,"column":5}},{"start":{},"end":{}}],"line":7},"1":{"loc":{"start":{"line":14,"column":4},"end":{"line":20,"column":5}},"type":"if","locations":[{"start":{"line":14,"column":4},"end":{"line":20,"column":5}},{"start":{},"end":{}}],"line":14},"2":{"loc":{"start":{"line":21,"column":4},"end":{"line":27,"column":5}},"type":"if","locations":[{"start":{"line":21,"column":4},"end":{"line":27,"column":5}},{"start":{},"end":{}}],"line":21},"3":{"loc":{"start":{"line":21,"column":8},"end":{"line":21,"column":66}},"type":"binary-expr","locations":[{"start":{"line":21,"column":8},"end":{"line":21,"column":35}},{"start":{"line":21,"column":39},"end":{"line":21,"column":66}}],"line":21},"4":{"loc":{"start":{"line":28,"column":4},"end":{"line":35,"column":5}},"type":"if","locations":[{"start":{"line":28,"column":4},"end":{"line":35,"column":5}},{"start":{},"end":{}}],"line":28}},"s":{"0":1,"1":15,"2":15,"3":54,"4":6,"5":48,"6":15,"7":33,"8":12,"9":21,"10":12,"11":9,"12":15},"f":{"0":15,"1":54},"b":{"0":[6,48],"1":[15,33],"2":[12,21],"3":[33,15],"4":[12,9]},"_coverageSchema":"1a1c01bbd47fc00a2c39e90264f33305004495a9","hash":"d234351181c396ecd4390d998f532ea8dd2ef76f"}
,"/home/ivan/HEXLET/frontend-project-46/src/index.js": {"path":"/home/ivan/HEXLET/frontend-project-46/src/index.js","statementMap":{"0":{"start":{"line":8,"column":24},"end":{"line":8,"column":62}},"1":{"start":{"line":8,"column":38},"end":{"line":8,"column":62}},"2":{"start":{"line":10,"column":18},"end":{"line":10,"column":62}},"3":{"start":{"line":10,"column":32},"end":{"line":10,"column":62}},"4":{"start":{"line":12,"column":17},"end":{"line":12,"column":65}},"5":{"start":{"line":12,"column":31},"end":{"line":12,"column":65}},"6":{"start":{"line":14,"column":16},"end":{"line":30,"column":1}},"7":{"start":{"line":15,"column":20},"end":{"line":15,"column":46}},"8":{"start":{"line":16,"column":20},"end":{"line":16,"column":46}},"9":{"start":{"line":18,"column":20},"end":{"line":18,"column":39}},"10":{"start":{"line":19,"column":20},"end":{"line":19,"column":39}},"11":{"start":{"line":21,"column":22},"end":{"line":21,"column":42}},"12":{"start":{"line":22,"column":22},"end":{"line":22,"column":42}},"13":{"start":{"line":24,"column":26},"end":{"line":27,"column":3}},"14":{"start":{"line":29,"column":2},"end":{"line":29,"column":48}}},"fnMap":{"0":{"name":"(anonymous_0)","decl":{"start":{"line":8,"column":24},"end":{"line":8,"column":25}},"loc":{"start":{"line":8,"column":38},"end":{"line":8,"column":62}},"line":8},"1":{"name":"(anonymous_1)","decl":{"start":{"line":10,"column":18},"end":{"line":10,"column":19}},"loc":{"start":{"line":10,"column":32},"end":{"line":10,"column":62}},"line":10},"2":{"name":"(anonymous_2)","decl":{"start":{"line":12,"column":17},"end":{"line":12,"column":18}},"loc":{"start":{"line":12,"column":31},"end":{"line":12,"column":65}},"line":12},"3":{"name":"(anonymous_3)","decl":{"start":{"line":14,"column":16},"end":{"line":14,"column":17}},"loc":{"start":{"line":14,"column":66},"end":{"line":30,"column":1}},"line":14}},"branchMap":{"0":{"loc":{"start":{"line":14,"column":39},"end":{"line":14,"column":61}},"type":"default-arg","locations":[{"start":{"line":14,"column":52},"end":{"line":14,"column":61}}],"line":14}},"s":{"0":1,"1":6,"2":1,"3":6,"4":1,"5":6,"6":1,"7":3,"8":3,"9":3,"10":3,"11":3,"12":3,"13":3,"14":3},"f":{"0":6,"1":6,"2":6,"3":3},"b":{"0":[1]},"_coverageSchema":"1a1c01bbd47fc00a2c39e90264f33305004495a9","hash":"039ad5fa0ef883d5ceea4a7c68a76ec9c30804e9"}
,"/home/ivan/HEXLET/frontend-project-46/src/parsers.js": {"path":"/home/ivan/HEXLET/frontend-project-46/src/parsers.js","statementMap":{"0":{"start":{"line":4,"column":2},"end":{"line":13,"column":3}},"1":{"start":{"line":6,"column":6},"end":{"line":6,"column":34}},"2":{"start":{"line":8,"column":6},"end":{"line":8,"column":33}},"3":{"start":{"line":10,"column":6},"end":{"line":10,"column":33}},"4":{"start":{"line":12,"column":6},"end":{"line":12,"column":53}}},"fnMap":{"0":{"name":"(anonymous_0)","decl":{"start":{"line":3,"column":15},"end":{"line":3,"column":16}},"loc":{"start":{"line":3,"column":37},"end":{"line":14,"column":1}},"line":3}},"branchMap":{"0":{"loc":{"start":{"line":4,"column":2},"end":{"line":13,"column":3}},"type":"switch","locations":[{"start":{"line":5,"column":4},"end":{"line":6,"column":34}},{"start":{"line":7,"column":4},"end":{"line":8,"column":33}},{"start":{"line":9,"column":4},"end":{"line":10,"column":33}},{"start":{"line":11,"column":4},"end":{"line":12,"column":53}}],"line":4}},"s":{"0":6,"1":2,"2":4,"3":0,"4":0},"f":{"0":6},"b":{"0":[2,4,0,0]},"_coverageSchema":"1a1c01bbd47fc00a2c39e90264f33305004495a9","hash":"13175f44d931680304ffa540ad698d750718e622"}
,"/home/ivan/HEXLET/frontend-project-46/src/formatters/index.js": {"path":"/home/ivan/HEXLET/frontend-project-46/src/formatters/index.js","statementMap":{"0":{"start":{"line":4,"column":18},"end":{"line":17,"column":1}},"1":{"start":{"line":5,"column":2},"end":{"line":16,"column":3}},"2":{"start":{"line":7,"column":6},"end":{"line":7,"column":33}},"3":{"start":{"line":9,"column":6},"end":{"line":9,"column":32}},"4":{"start":{"line":11,"column":6},"end":{"line":11,"column":34}},"5":{"start":{"line":13,"column":6},"end":{"line":15,"column":8}}},"fnMap":{"0":{"name":"(anonymous_0)","decl":{"start":{"line":4,"column":18},"end":{"line":4,"column":19}},"loc":{"start":{"line":4,"column":40},"end":{"line":17,"column":1}},"line":4}},"branchMap":{"0":{"loc":{"start":{"line":5,"column":2},"end":{"line":16,"column":3}},"type":"switch","locations":[{"start":{"line":6,"column":4},"end":{"line":7,"column":33}},{"start":{"line":8,"column":4},"end":{"line":9,"column":32}},{"start":{"line":10,"column":4},"end":{"line":11,"column":34}},{"start":{"line":12,"column":4},"end":{"line":15,"column":8}}],"line":5}},"s":{"0":1,"1":3,"2":1,"3":1,"4":1,"5":0},"f":{"0":3},"b":{"0":[1,1,1,0]},"_coverageSchema":"1a1c01bbd47fc00a2c39e90264f33305004495a9","hash":"ed234eba1549e9f01d6948a094223521de71f527"}
,"/home/ivan/HEXLET/frontend-project-46/src/formatters/plain.js": {"path":"/home/ivan/HEXLET/frontend-project-46/src/formatters/plain.js","statementMap":{"0":{"start":{"line":3,"column":18},"end":{"line":11,"column":1}},"1":{"start":{"line":4,"column":2},"end":{"line":6,"column":3}},"2":{"start":{"line":5,"column":4},"end":{"line":5,"column":29}},"3":{"start":{"line":7,"column":2},"end":{"line":9,"column":3}},"4":{"start":{"line":8,"column":4},"end":{"line":8,"column":24}},"5":{"start":{"line":10,"column":2},"end":{"line":10,"column":23}},"6":{"start":{"line":13,"column":20},"end":{"line":18,"column":1}},"7":{"start":{"line":14,"column":2},"end":{"line":16,"column":3}},"8":{"start":{"line":15,"column":4},"end":{"line":15,"column":40}},"9":{"start":{"line":17,"column":2},"end":{"line":17,"column":26}},"10":{"start":{"line":20,"column":13},"end":{"line":40,"column":4}},"11":{"start":{"line":20,"column":29},"end":{"line":40,"column":4}},"12":{"start":{"line":21,"column":20},"end":{"line":21,"column":45}},"13":{"start":{"line":23,"column":24},"end":{"line":23,"column":47}},"14":{"start":{"line":24,"column":4},"end":{"line":39,"column":5}},"15":{"start":{"line":26,"column":8},"end":{"line":28,"column":12}},"16":{"start":{"line":30,"column":8},"end":{"line":30,"column":55}},"17":{"start":{"line":32,"column":8},"end":{"line":34,"column":41}},"18":{"start":{"line":36,"column":8},"end":{"line":36,"column":59}},"19":{"start":{"line":38,"column":8},"end":{"line":38,"column":20}},"20":{"start":{"line":42,"column":21},"end":{"line":42,"column":56}},"21":{"start":{"line":42,"column":31},"end":{"line":42,"column":56}}},"fnMap":{"0":{"name":"(anonymous_0)","decl":{"start":{"line":3,"column":18},"end":{"line":3,"column":19}},"loc":{"start":{"line":3,"column":29},"end":{"line":11,"column":1}},"line":3},"1":{"name":"(anonymous_1)","decl":{"start":{"line":13,"column":20},"end":{"line":13,"column":21}},"loc":{"start":{"line":13,"column":43},"end":{"line":18,"column":1}},"line":13},"2":{"name":"(anonymous_2)","decl":{"start":{"line":20,"column":13},"end":{"line":20,"column":14}},"loc":{"start":{"line":20,"column":29},"end":{"line":40,"column":4}},"line":20},"3":{"name":"(anonymous_3)","decl":{"start":{"line":21,"column":10},"end":{"line":21,"column":11}},"loc":{"start":{"line":21,"column":20},"end":{"line":21,"column":45}},"line":21},"4":{"name":"(anonymous_4)","decl":{"start":{"line":22,"column":7},"end":{"line":22,"column":8}},"loc":{"start":{"line":22,"column":17},"end":{"line":40,"column":3}},"line":22},"5":{"name":"(anonymous_5)","decl":{"start":{"line":42,"column":21},"end":{"line":42,"column":22}},"loc":{"start":{"line":42,"column":31},"end":{"line":42,"column":56}},"line":42}},"branchMap":{"0":{"loc":{"start":{"line":4,"column":2},"end":{"line":6,"column":3}},"type":"if","locations":[{"start":{"line":4,"column":2},"end":{"line":6,"column":3}},{"start":{},"end":{}}],"line":4},"1":{"loc":{"start":{"line":4,"column":6},"end":{"line":4,"column":41}},"type":"binary-expr","locations":[{"start":{"line":4,"column":6},"end":{"line":4,"column":23}},{"start":{"line":4,"column":27},"end":{"line":4,"column":41}}],"line":4},"2":{"loc":{"start":{"line":7,"column":2},"end":{"line":9,"column":3}},"type":"if","locations":[{"start":{"line":7,"column":2},"end":{"line":9,"column":3}},{"start":{},"end":{}}],"line":7},"3":{"loc":{"start":{"line":14,"column":2},"end":{"line":16,"column":3}},"type":"if","locations":[{"start":{"line":14,"column":2},"end":{"line":16,"column":3}},{"start":{},"end":{}}],"line":14},"4":{"loc":{"start":{"line":24,"column":4},"end":{"line":39,"column":5}},"type":"switch","locations":[{"start":{"line":25,"column":6},"end":{"line":28,"column":12}},{"start":{"line":29,"column":6},"end":{"line":30,"column":55}},{"start":{"line":31,"column":6},"end":{"line":34,"column":41}},{"start":{"line":35,"column":6},"end":{"line":36,"column":59}},{"start":{"line":37,"column":6},"end":{"line":38,"column":20}}],"line":24}},"s":{"0":1,"1":13,"2":3,"3":10,"4":7,"5":3,"6":1,"7":15,"8":11,"9":4,"10":1,"11":5,"12":18,"13":15,"14":15,"15":5,"16":2,"17":4,"18":4,"19":0,"20":1,"21":1},"f":{"0":13,"1":15,"2":5,"3":18,"4":15,"5":1},"b":{"0":[3,10],"1":[13,3],"2":[7,3],"3":[11,4],"4":[5,2,4,4,0]},"_coverageSchema":"1a1c01bbd47fc00a2c39e90264f33305004495a9","hash":"41b58655c9e8e9d881fe52d4a8bdfafb2605ff9f"}
,"/home/ivan/HEXLET/frontend-project-46/src/formatters/stylish.js": {"path":"/home/ivan/HEXLET/frontend-project-46/src/formatters/stylish.js","statementMap":{"0":{"start":{"line":3,"column":20},"end":{"line":3,"column":21}},"1":{"start":{"line":4,"column":17},"end":{"line":4,"column":20}},"2":{"start":{"line":6,"column":26},"end":{"line":9,"column":1}},"3":{"start":{"line":7,"column":21},"end":{"line":7,"column":40}},"4":{"start":{"line":8,"column":2},"end":{"line":8,"column":41}},"5":{"start":{"line":11,"column":29},"end":{"line":14,"column":1}},"6":{"start":{"line":12,"column":21},"end":{"line":12,"column":40}},"7":{"start":{"line":13,"column":2},"end":{"line":13,"column":37}},"8":{"start":{"line":16,"column":18},"end":{"line":24,"column":1}},"9":{"start":{"line":17,"column":2},"end":{"line":19,"column":3}},"10":{"start":{"line":18,"column":4},"end":{"line":18,"column":24}},"11":{"start":{"line":20,"column":16},"end":{"line":22,"column":3}},"12":{"start":{"line":21,"column":22},"end":{"line":21,"column":96}},"13":{"start":{"line":23,"column":2},"end":{"line":23,"column":67}},"14":{"start":{"line":26,"column":13},"end":{"line":61,"column":2}},"15":{"start":{"line":26,"column":34},"end":{"line":61,"column":2}},"16":{"start":{"line":27,"column":2},"end":{"line":60,"column":3}},"17":{"start":{"line":29,"column":6},"end":{"line":32,"column":10}},"18":{"start":{"line":34,"column":6},"end":{"line":37,"column":10}},"19":{"start":{"line":39,"column":6},"end":{"line":45,"column":10}},"20":{"start":{"line":48,"column":6},"end":{"line":51,"column":10}},"21":{"start":{"line":53,"column":20},"end":{"line":53,"column":50}},"22":{"start":{"line":54,"column":6},"end":{"line":56,"column":43}},"23":{"start":{"line":59,"column":6},"end":{"line":59,"column":62}},"24":{"start":{"line":63,"column":22},"end":{"line":66,"column":1}},"25":{"start":{"line":64,"column":17},"end":{"line":64,"column":30}},"26":{"start":{"line":65,"column":2},"end":{"line":65,"column":38}}},"fnMap":{"0":{"name":"(anonymous_0)","decl":{"start":{"line":6,"column":26},"end":{"line":6,"column":27}},"loc":{"start":{"line":6,"column":37},"end":{"line":9,"column":1}},"line":6},"1":{"name":"(anonymous_1)","decl":{"start":{"line":11,"column":29},"end":{"line":11,"column":30}},"loc":{"start":{"line":11,"column":40},"end":{"line":14,"column":1}},"line":11},"2":{"name":"(anonymous_2)","decl":{"start":{"line":16,"column":18},"end":{"line":16,"column":19}},"loc":{"start":{"line":16,"column":35},"end":{"line":24,"column":1}},"line":16},"3":{"name":"(anonymous_3)","decl":{"start":{"line":21,"column":4},"end":{"line":21,"column":5}},"loc":{"start":{"line":21,"column":22},"end":{"line":21,"column":96}},"line":21},"4":{"name":"(anonymous_4)","decl":{"start":{"line":26,"column":13},"end":{"line":26,"column":14}},"loc":{"start":{"line":26,"column":34},"end":{"line":61,"column":2}},"line":26},"5":{"name":"(anonymous_5)","decl":{"start":{"line":26,"column":43},"end":{"line":26,"column":44}},"loc":{"start":{"line":26,"column":53},"end":{"line":61,"column":1}},"line":26},"6":{"name":"(anonymous_6)","decl":{"start":{"line":63,"column":22},"end":{"line":63,"column":23}},"loc":{"start":{"line":63,"column":32},"end":{"line":66,"column":1}},"line":63}},"branchMap":{"0":{"loc":{"start":{"line":17,"column":2},"end":{"line":19,"column":3}},"type":"if","locations":[{"start":{"line":17,"column":2},"end":{"line":19,"column":3}},{"start":{},"end":{}}],"line":17},"1":{"loc":{"start":{"line":26,"column":20},"end":{"line":26,"column":29}},"type":"default-arg","locations":[{"start":{"line":26,"column":28},"end":{"line":26,"column":29}}],"line":26},"2":{"loc":{"start":{"line":27,"column":2},"end":{"line":60,"column":3}},"type":"switch","locations":[{"start":{"line":28,"column":4},"end":{"line":32,"column":10}},{"start":{"line":33,"column":4},"end":{"line":37,"column":10}},{"start":{"line":38,"column":4},"end":{"line":46,"column":5}},{"start":{"line":47,"column":4},"end":{"line":51,"column":10}},{"start":{"line":52,"column":4},"end":{"line":57,"column":5}},{"start":{"line":58,"column":4},"end":{"line":59,"column":62}}],"line":27}},"s":{"0":1,"1":1,"2":1,"3":15,"4":15,"5":1,"6":27,"7":27,"8":1,"9":27,"10":20,"11":7,"12":9,"13":7,"14":1,"15":5,"16":18,"17":2,"18":5,"19":4,"20":3,"21":4,"22":4,"23":0,"24":1,"25":1,"26":1},"f":{"0":15,"1":27,"2":27,"3":9,"4":5,"5":18,"6":1},"b":{"0":[20,7],"1":[0],"2":[2,5,4,3,4,0]},"_coverageSchema":"1a1c01bbd47fc00a2c39e90264f33305004495a9","hash":"3d1bc904d43e94fe296b5ff50b4586daeae162ee"}
}
