TN:
SF:src/index.js
FN:7,(anonymous_0)
FN:14,(anonymous_1)
FN:18,(anonymous_2)
FN:51,(anonymous_3)
FN:54,(anonymous_4)
FNF:5
FNH:5
FNDA:4,(anonymous_0)
FNDA:2,(anonymous_1)
FNDA:10,(anonymous_2)
FNDA:2,(anonymous_3)
FNDA:10,(anonymous_4)
DA:7,1
DA:8,4
DA:9,4
DA:10,4
DA:11,4
DA:14,1
DA:15,2
DA:16,2
DA:18,2
DA:19,10
DA:20,4
DA:26,6
DA:27,2
DA:33,4
DA:34,2
DA:41,2
DA:47,2
DA:48,2
DA:51,1
DA:52,2
DA:54,2
DA:55,10
DA:56,10
DA:58,4
DA:60,2
DA:62,2
DA:64,2
DA:66,0
DA:70,2
LF:29
LH:28
BRDA:19,0,0,4
BRDA:19,0,1,6
BRDA:26,1,0,2
BRDA:26,1,1,4
BRDA:33,2,0,2
BRDA:33,2,1,2
BRDA:56,3,0,4
BRDA:56,3,1,2
BRDA:56,3,2,2
BRDA:56,3,3,2
BRDA:56,3,4,0
BRF:11
BRH:10
end_of_record
TN:
SF:src/parsers.js
FN:3,(anonymous_0)
FNF:1
FNH:1
FNDA:4,(anonymous_0)
DA:4,4
DA:6,2
DA:8,2
DA:10,0
DA:12,0
LF:5
LH:3
BRDA:4,0,0,2
BRDA:4,0,1,2
BRDA:4,0,2,0
BRDA:4,0,3,0
BRF:4
BRH:2
end_of_record
