TN:
SF:src/index.js
FN:6,(anonymous_0)
FN:8,(anonymous_1)
FN:10,(anonymous_2)
FN:12,(anonymous_3)
FN:16,(anonymous_4)
FN:49,(anonymous_5)
FN:55,(anonymous_6)
FNF:7
FNH:7
FNDA:2,(anonymous_0)
FNDA:2,(anonymous_1)
FNDA:2,(anonymous_2)
FNDA:1,(anonymous_3)
FNDA:5,(anonymous_4)
FNDA:1,(anonymous_5)
FNDA:5,(anonymous_6)
DA:6,2
DA:8,2
DA:10,2
DA:12,1
DA:13,1
DA:14,1
DA:16,1
DA:17,5
DA:18,2
DA:24,3
DA:25,1
DA:31,2
DA:32,1
DA:39,1
DA:45,1
DA:46,1
DA:49,1
DA:50,1
DA:55,1
DA:56,5
DA:57,5
DA:59,2
DA:61,1
DA:63,1
DA:65,1
DA:67,0
DA:71,1
LF:27
LH:26
BRDA:17,0,0,2
BRDA:17,0,1,3
BRDA:24,1,0,1
BRDA:24,1,1,2
BRDA:31,2,0,1
BRDA:31,2,1,1
BRDA:57,3,0,2
BRDA:57,3,1,1
BRDA:57,3,2,1
BRDA:57,3,3,1
BRDA:57,3,4,0
BRF:11
BRH:10
end_of_record
